<?xml version="1.0" encoding="UTF-8"?>
<!-- Generated by org.testng.reporters.JUnitXMLReporter -->
<testsuite ignored="1" hostname="Shashanks-MacBook-Air.local" failures="0" tests="5" name="Default test" time="11.167" errors="0" timestamp="2024-07-19T02:19:12 IST">
  <testcase classname="api.test.DDTests" name="testDeleteUser" time="3.597"/>
  <testcase classname="api.test.DDTests" name="testDeleteUser" time="1.553"/>
  <testcase classname="api.test.DDTests" name="testDeleteUser" time="1.525"/>
  <testcase classname="api.test.DDTests" name="testDeleteUser" time="1.543"/>
  <testcase classname="api.test.DDTests" name="testDeleteUser" time="1.518"/>
  <testcase classname="api.test.DDTests" name="testPostuser" time="0.0">
    <ignored/>
  </testcase> <!-- testPostuser -->
</testsuite> <!-- Default test -->
