<?xml version="1.0" encoding="UTF-8"?>
<testsuite xmlns:xsi="http://www.w3.org/2001/XMLSchema-instance" xsi:noNamespaceSchemaLocation="https://maven.apache.org/surefire/maven-surefire-plugin/xsd/surefire-test-report.xsd" version="3.0.2" name="TestSuite" time="12.523" tests="4" errors="0" skipped="0" failures="0">
  <properties>
[...]
</properties>
  <testcase name="testPostRequest" classname="api.test.UserTest2" time="3.977">
    <system-out><![CDATA[15:42:29.875 [main] INFO  api.test.UserTest2 - ==========Creation starts=================
HTTP/1.1 200 OK
Date: Sat, 20 Jul 2024 10:12:33 GMT
Content-Type: application/json
Transfer-Encoding: chunked
Connection: keep-alive
Access-Control-Allow-Origin: *
Access-Control-Allow-Methods: GET, POST, DELETE, PUT
Access-Control-Allow-Headers: Content-Type, api_key, Authorization
Server: Jetty(9.2.9.v20150224)

{
    "code": 200,
    "type": "unknown",
    "message": "1615617512"
}
15:42:33.831 [main] INFO  api.test.UserTest2 - ==============creation END======================
]]></system-out>
    <system-err><![CDATA[SLF4J: Failed to load class "org.slf4j.impl.StaticLoggerBinder".
SLF4J: Defaulting to no-operation (NOP) logger implementation
SLF4J: See http://www.slf4j.org/codes.html#StaticLoggerBinder for further details.
]]></system-err>
  </testcase>
  <testcase name="testGetUserByName" classname="api.test.UserTest2" time="1.608">
    <system-out><![CDATA[15:42:33.849 [main] INFO  api.test.UserTest2 - ====GET the user details==========================
HTTP/1.1 200 OK
Date: Sat, 20 Jul 2024 10:12:35 GMT
Content-Type: application/json
Transfer-Encoding: chunked
Connection: keep-alive
Access-Control-Allow-Origin: *
Access-Control-Allow-Methods: GET, POST, DELETE, PUT
Access-Control-Allow-Headers: Content-Type, api_key, Authorization
Server: Jetty(9.2.9.v20150224)

{
    "id": 1615617512,
    "username": "ed.kreiger",
    "firstName": "Florinda",
    "lastName": "Reichel",
    "email": "hugh.pouros@example.com",
    "password": "2r0bqmt3",
    "phone": "1-518-439-8384",
    "userStatus": 0
}
]]></system-out>
  </testcase>
  <testcase name="testUpadteUserByName" classname="api.test.UserTest2" time="2.982">
    <system-out><![CDATA[{
    "code": 200,
    "type": "unknown",
    "message": "1615617512"
}
HTTP/1.1 200 OK
Date: Sat, 20 Jul 2024 10:12:38 GMT
Content-Type: application/json
Transfer-Encoding: chunked
Connection: keep-alive
Access-Control-Allow-Origin: *
Access-Control-Allow-Methods: GET, POST, DELETE, PUT
Access-Control-Allow-Headers: Content-Type, api_key, Authorization
Server: Jetty(9.2.9.v20150224)

{
    "id": 1615617512,
    "username": "ed.kreiger",
    "firstName": "Monique",
    "lastName": "Lubowitz",
    "email": "millard.doyle@example.com",
    "password": "2r0bqmt3",
    "phone": "1-518-439-8384",
    "userStatus": 0
}
]]></system-out>
  </testcase>
  <testcase name="testDeleteUserByName" classname="api.test.UserTest2" time="1.533">
    <system-out><![CDATA[HTTP/1.1 200 OK
Date: Sat, 20 Jul 2024 10:12:39 GMT
Content-Type: application/json
Transfer-Encoding: chunked
Connection: keep-alive
Access-Control-Allow-Origin: *
Access-Control-Allow-Methods: GET, POST, DELETE, PUT
Access-Control-Allow-Headers: Content-Type, api_key, Authorization
Server: Jetty(9.2.9.v20150224)

{
    "code": 200,
    "type": "unknown",
    "message": "ed.kreiger"
}
]]></system-out>
  </testcase>
</testsuite>