<?xml version="1.0" encoding="UTF-8"?>
<testng-results ignored="0" total="4" passed="4" failed="0" skipped="0">
  <reporter-output>
  </reporter-output>
  <suite started-at="2024-07-20T15:42:28 IST" name="PetSuite" finished-at="2024-07-20T15:42:39 IST" duration-ms="11389">
    <groups>
    </groups>
    <test started-at="2024-07-20T15:42:28 IST" name="PetTest" finished-at="2024-07-20T15:42:39 IST" duration-ms="11389">
      <class name="api.test.UserTest2">
        <test-method is-config="true" signature="setup()[pri:0, instance:api.test.UserTest2@169e6180]" started-at="2024-07-20T15:42:28 IST" name="setup" finished-at="2024-07-20T15:42:29 IST" duration-ms="942" status="PASS">
          <reporter-output>
          </reporter-output>
        </test-method> <!-- setup -->
        <test-method signature="testPostRequest()[pri:1, instance:api.test.UserTest2@169e6180]" started-at="2024-07-20T15:42:29 IST" name="testPostRequest" finished-at="2024-07-20T15:42:33 IST" duration-ms="3964" status="PASS">
          <reporter-output>
          </reporter-output>
        </test-method> <!-- testPostRequest -->
        <test-method signature="testGetUserByName()[pri:2, instance:api.test.UserTest2@169e6180]" started-at="2024-07-20T15:42:33 IST" name="testGetUserByName" finished-at="2024-07-20T15:42:35 IST" duration-ms="1599" status="PASS">
          <reporter-output>
          </reporter-output>
        </test-method> <!-- testGetUserByName -->
        <test-method signature="testUpadteUserByName()[pri:3, instance:api.test.UserTest2@169e6180]" started-at="2024-07-20T15:42:35 IST" name="testUpadteUserByName" finished-at="2024-07-20T15:42:38 IST" duration-ms="2977" status="PASS">
          <reporter-output>
          </reporter-output>
        </test-method> <!-- testUpadteUserByName -->
        <test-method signature="testDeleteUserByName()[pri:4, instance:api.test.UserTest2@169e6180]" started-at="2024-07-20T15:42:38 IST" name="testDeleteUserByName" finished-at="2024-07-20T15:42:39 IST" duration-ms="1520" status="PASS">
          <reporter-output>
          </reporter-output>
        </test-method> <!-- testDeleteUserByName -->
      </class> <!-- api.test.UserTest2 -->
    </test> <!-- PetTest -->
  </suite> <!-- PetSuite -->
</testng-results>
