<?xml version="1.0" encoding="UTF-8"?>
<testng-results ignored="0" total="4" passed="4" failed="0" skipped="0">
  <reporter-output>
  </reporter-output>
  <suite started-at="2024-07-20T15:10:25 IST" name="PetSuite" finished-at="2024-07-20T15:10:37 IST" duration-ms="12080">
    <groups>
    </groups>
    <test started-at="2024-07-20T15:10:25 IST" name="PetTest" finished-at="2024-07-20T15:10:37 IST" duration-ms="12080">
      <class name="api.test.UserTest2">
        <test-method is-config="true" signature="setup()[pri:0, instance:api.test.UserTest2@7d0b7e3c]" started-at="2024-07-20T15:10:26 IST" name="setup" finished-at="2024-07-20T15:10:27 IST" duration-ms="1143" status="PASS">
          <reporter-output>
          </reporter-output>
        </test-method> <!-- setup -->
        <test-method signature="testPostRequest()[pri:1, instance:api.test.UserTest2@7d0b7e3c]" started-at="2024-07-20T15:10:27 IST" name="testPostRequest" finished-at="2024-07-20T15:10:31 IST" duration-ms="4096" status="PASS">
          <reporter-output>
          </reporter-output>
        </test-method> <!-- testPostRequest -->
        <test-method signature="testGetUserByName()[pri:2, instance:api.test.UserTest2@7d0b7e3c]" started-at="2024-07-20T15:10:31 IST" name="testGetUserByName" finished-at="2024-07-20T15:10:33 IST" duration-ms="1585" status="PASS">
          <reporter-output>
          </reporter-output>
        </test-method> <!-- testGetUserByName -->
        <test-method signature="testUpadteUserByName()[pri:3, instance:api.test.UserTest2@7d0b7e3c]" started-at="2024-07-20T15:10:33 IST" name="testUpadteUserByName" finished-at="2024-07-20T15:10:36 IST" duration-ms="3197" status="PASS">
          <reporter-output>
          </reporter-output>
        </test-method> <!-- testUpadteUserByName -->
        <test-method signature="testDeleteUserByName()[pri:4, instance:api.test.UserTest2@7d0b7e3c]" started-at="2024-07-20T15:10:36 IST" name="testDeleteUserByName" finished-at="2024-07-20T15:10:37 IST" duration-ms="1593" status="PASS">
          <reporter-output>
          </reporter-output>
        </test-method> <!-- testDeleteUserByName -->
      </class> <!-- api.test.UserTest2 -->
    </test> <!-- PetTest -->
  </suite> <!-- PetSuite -->
</testng-results>
