<?xml version="1.0" encoding="UTF-8"?>
<!-- Generated by org.testng.reporters.JUnitXMLReporter -->
<testsuite ignored="0" hostname="Shashanks-MacBook-Air.local" failures="0" tests="4" name="PetTest" time="11.389" errors="0" timestamp="2024-07-20T15:42:40 IST">
  <testcase classname="api.test.UserTest2" name="testPostRequest" time="3.964"/>
  <testcase classname="api.test.UserTest2" name="testGetUserByName" time="1.599"/>
  <testcase classname="api.test.UserTest2" name="testUpadteUserByName" time="2.977"/>
  <testcase classname="api.test.UserTest2" name="testDeleteUserByName" time="1.52"/>
</testsuite> <!-- PetTest -->
