<?xml version="1.0" encoding="UTF-8"?>
<!-- Generated by org.testng.reporters.JUnitXMLReporter -->
<testsuite ignored="0" hostname="Shashanks-MacBook-Air.local" failures="0" tests="4" name="PetTest" time="12.08" errors="0" timestamp="2024-07-20T15:10:38 IST">
  <testcase classname="api.test.UserTest2" name="testPostRequest" time="4.096"/>
  <testcase classname="api.test.UserTest2" name="testGetUserByName" time="1.585"/>
  <testcase classname="api.test.UserTest2" name="testUpadteUserByName" time="3.197"/>
  <testcase classname="api.test.UserTest2" name="testDeleteUserByName" time="1.593"/>
</testsuite> <!-- PetTest -->
